2020-12-29 10:50:12.7508 INFO  ------------------------start------------------------------  RoutedEventHandlerInfo.InvokeHandler => MainWindow.backGrid_Loaded => MainWindow.Init
2020-12-29 10:50:20.9610 INFO  ------------------------start------------------------------  RoutedEventHandlerInfo.InvokeHandler => MainWindow.backGrid_Loaded => MainWindow.Init
2020-12-29 10:50:21.9216 INFO  {"code":20000,"message":"成功","data":{"cydName":"荷东","principal":"wwww","districtName":"普陀区","name":"limit","xzjdName":"沈家门街道","jcdName":"1-1","token":"eyJ0eXAiOiJKV1QiLCJhbGciOiJIUzUxMiJ9.eyJlbXBsb3llZUlkIjoiMTM0MDUzMjczMjU2NjM1NTk3MCIsImZhaWx1cmVUaW1lIjoxNjEwOTM4MjE5ODIyfQ.hj3gN6eRaxGVbwfuLuSAKb0e1CL_dv54zk1Qx3Covai8j7pUXhZ4ZiqvX8DQy3lKJmbzmfSJZ-68DNJ9JUYJNA"}}  <>c__DisplayClass18_0.<login>b__0 => LoginService.Login_Ex => LoginService.Login
2020-12-29 10:50:22.3598 INFO  {"code":20000,"message":"成功","data":{"total":0,"pageSize":10,"currPage":1,"data":[]}}  Task.InnerInvoke => <>c__DisplayClass48_0.<SetInfoList>b__0 => InfoListService.getQuery
2020-12-29 10:50:22.5150 INFO  {"code":20000,"message":"修改成功","data":null}  Index.synchronousData => Index.synchronousUpdate => InfoListService.updateNucleic
2020-12-29 10:50:24.9540 INFO  {"code":20000,"message":"成功","data":{"total":0,"pageSize":10,"currPage":1,"data":[]}}  Task.InnerInvoke => <>c__DisplayClass48_0.<SetInfoList>b__0 => InfoListService.getQuery
2020-12-29 10:50:25.8346 INFO  {"code":20000,"message":"成功","data":{"total":0,"pageSize":10,"currPage":1,"data":[]}}  Task.InnerInvoke => <>c__DisplayClass48_0.<SetInfoList>b__0 => InfoListService.getQuery
2020-12-29 10:58:24.4061 INFO  ------------------------start------------------------------  RoutedEventHandlerInfo.InvokeHandler => MainWindow.backGrid_Loaded => MainWindow.Init
2020-12-29 13:14:38.5855 INFO  ------------------------start------------------------------  RoutedEventHandlerInfo.InvokeHandler => MainWindow.backGrid_Loaded => MainWindow.Init
2020-12-29 13:15:05.6661 INFO  ------------------------start------------------------------  RoutedEventHandlerInfo.InvokeHandler => MainWindow.backGrid_Loaded => MainWindow.Init
2020-12-29 13:15:06.6412 INFO  {"code":20000,"message":"成功","data":{"cydName":"荷东","principal":"wwww","districtName":"普陀区","name":"limit","xzjdName":"沈家门街道","jcdName":"1-1","token":"eyJ0eXAiOiJKV1QiLCJhbGciOiJIUzUxMiJ9.eyJlbXBsb3llZUlkIjoiMTM0MDUzMjczMjU2NjM1NTk3MCIsImZhaWx1cmVUaW1lIjoxNjEwOTQ2OTA0MDQ1fQ.kol8Hp2p02FtdFTb2lz9bhVri3uEBRqauOrgNr5SWq1gJGnqo6SDzFi6jCn-ZeM1aZMf72Z0VY_AcNbUgw_fww"}}  <>c__DisplayClass18_0.<login>b__0 => LoginService.Login_Ex => LoginService.Login
2020-12-29 13:15:07.0901 INFO  {"code":20000,"message":"修改成功","data":null}  Index.synchronousData => Index.synchronousUpdate => InfoListService.updateNucleic
2020-12-29 13:15:07.1204 INFO  {"code":20000,"message":"成功","data":{"total":0,"pageSize":10,"currPage":1,"data":[]}}  Task.InnerInvoke => <>c__DisplayClass47_0.<SetInfoList>b__0 => InfoListService.getQuery
2020-12-29 13:16:01.2378 INFO  ------------------------start------------------------------  RoutedEventHandlerInfo.InvokeHandler => MainWindow.backGrid_Loaded => MainWindow.Init
2020-12-29 13:16:01.8712 INFO  {"code":20000,"message":"成功","data":{"cydName":"荷东","principal":"wwww","districtName":"普陀区","name":"limit","xzjdName":"沈家门街道","jcdName":"1-1","token":"eyJ0eXAiOiJKV1QiLCJhbGciOiJIUzUxMiJ9.eyJlbXBsb3llZUlkIjoiMTM0MDUzMjczMjU2NjM1NTk3MCIsImZhaWx1cmVUaW1lIjoxNjEwOTQ2OTU5MjgxfQ.AUVmGCIhNABKd1_YBs1oE4ZQESAhzl_iP4AjFhEJgczaTgK0vizJZu7kmfnJ-HorLi3P7rCEC7XzMhDde6srOg"}}  <>c__DisplayClass18_0.<login>b__0 => LoginService.Login_Ex => LoginService.Login
2020-12-29 13:16:02.2694 INFO  {"code":20000,"message":"成功","data":{"total":0,"pageSize":10,"currPage":1,"data":[]}}  Task.InnerInvoke => <>c__DisplayClass47_0.<SetInfoList>b__0 => InfoListService.getQuery
2020-12-29 13:16:02.7047 INFO  {"code":20000,"message":"修改成功","data":null}  Index.synchronousData => Index.synchronousUpdate => InfoListService.updateNucleic
2020-12-29 13:16:04.7641 INFO  {"code":20000,"message":"成功","data":{"total":1,"pageSize":10,"currPage":1,"data":[{"id":"1341985283069374933","createTime":"2020-12-24 13:53:24","updateTime":null,"deleted":null,"createBy":null,"updateBy":null,"cardNo":"12312323","userName":"123","serialNumber":"E08543511","sex":1,"address":"11111","homeAddress":"111111111","testingValue":null,"acidNo":"2012241353243491185791297","position":null,"detectionName":"wwww","updateName":"wwww","company":"111111111111","jcdName":"1-1","xzjdName":"沈家门街道","cydName":"荷东","districtName":"普陀区"}]}}  Task.InnerInvoke => <>c__DisplayClass47_0.<SetInfoList>b__0 => InfoListService.getQuery
2020-12-29 13:16:09.0433 INFO  {"code":20000,"message":"删除成功","data":null}  <CancelTips>d__12.MoveNext => InfoList.<CancelDelete>b__60_0 => InfoListService.deleteNucleic
2020-12-29 13:16:09.0688 INFO  {"code":20000,"message":"成功","data":{"total":0,"pageSize":10,"currPage":1,"data":[]}}  Task.InnerInvoke => <>c__DisplayClass47_0.<SetInfoList>b__0 => InfoListService.getQuery
2020-12-29 13:16:11.5907 INFO  {"code":20000,"message":"成功","data":{"total":0,"pageSize":10,"currPage":1,"data":[]}}  Task.InnerInvoke => <>c__DisplayClass47_0.<SetInfoList>b__0 => InfoListService.getQuery
2020-12-29 13:16:44.1109 INFO  ------------------------start------------------------------  RoutedEventHandlerInfo.InvokeHandler => MainWindow.backGrid_Loaded => MainWindow.Init
