2020-12-19 10:13:08.8289 INFO  ------------------------start------------------------------  MainWindow.backGrid_Loaded => MainWindow.Init => Logger.Info
2020-12-19 10:20:34.5313 INFO  ------------------------start------------------------------  MainWindow.backGrid_Loaded => MainWindow.Init => Logger.Info
2020-12-19 10:22:32.3530 INFO  ------------------------start------------------------------  MainWindow.backGrid_Loaded => MainWindow.Init => Logger.Info
2020-12-19 10:23:48.4550 INFO  ------------------------start------------------------------  MainWindow.backGrid_Loaded => MainWindow.Init => Logger.Info
2020-12-19 10:27:45.8750 INFO  ------------------------start------------------------------  MainWindow.backGrid_Loaded => MainWindow.Init => Logger.Info
2020-12-19 10:28:10.5348 INFO  ------------------------start------------------------------  MainWindow.backGrid_Loaded => MainWindow.Init => Logger.Info
2020-12-19 10:28:40.2571 INFO  ------------------------start------------------------------  MainWindow.backGrid_Loaded => MainWindow.Init => Logger.Info
2020-12-19 10:29:04.0978 INFO  ------------------------start------------------------------  MainWindow.backGrid_Loaded => MainWindow.Init => Logger.Info
2020-12-19 10:35:07.6398 INFO  ------------------------start------------------------------  MainWindow.backGrid_Loaded => MainWindow.Init => Logger.Info
2020-12-19 10:36:45.1411 INFO  ------------------------start------------------------------  MainWindow.backGrid_Loaded => MainWindow.Init => Logger.Info
2020-12-19 10:39:00.4099 INFO  ------------------------start------------------------------  MainWindow.backGrid_Loaded => MainWindow.Init => Logger.Info
2020-12-19 10:39:55.0384 INFO  ------------------------start------------------------------  MainWindow.backGrid_Loaded => MainWindow.Init => Logger.Info
2020-12-19 10:46:06.7186 INFO  ------------------------start------------------------------  MainWindow.backGrid_Loaded => MainWindow.Init => Logger.Info
2020-12-19 10:47:46.3157 INFO  ------------------------start------------------------------  MainWindow.backGrid_Loaded => MainWindow.Init => Logger.Info
2020-12-19 10:48:02.4200 INFO  ------------------------start------------------------------  MainWindow.backGrid_Loaded => MainWindow.Init => Logger.Info
2020-12-19 10:48:03.4760 INFO  {"code":20000,"message":"成功","data":{"name":"limit","token":"eyJ0eXAiOiJKV1QiLCJhbGciOiJIUzUxMiJ9.eyJlbXBsb3llZUlkIjoiMTMzNjQ4NzI4OTg3MDcyMTAyNSIsImZhaWx1cmVUaW1lIjoxNjEwMDc0MDgxMTQzfQ.kTvtKKSU_EfHO-86fBAIa9owKgEF18SzOOG44LCsTOIc4QF6gmapDpKpIeOAeTrhIzPR_TLt-jmqATSZAMDYBQ"}}  LoginService.Login_Ex => LoginService.Login => Logger.Info
2020-12-19 10:48:03.7991 INFO  {"code":20000,"message":"成功","data":{"total":0,"pageSize":10,"currPage":1,"data":[]}}  <>c__DisplayClass46_0.<SetInfoList>b__0 => InfoListService.getQuery => Logger.Info
2020-12-19 10:48:03.9557 INFO  {"code":20000,"message":"新增成功","data":null}  Index.synchronousAdd => InfoListService.addNucleic => Logger.Info
2020-12-19 10:48:04.1322 INFO  {"code":20000,"message":"修改成功","data":null}  Index.synchronousUpdate => InfoListService.updateNucleic => Logger.Info
2020-12-19 10:48:45.9132 INFO  ------------------------start------------------------------  MainWindow.backGrid_Loaded => MainWindow.Init => Logger.Info
2020-12-19 10:48:57.4864 INFO  ------------------------start------------------------------  MainWindow.backGrid_Loaded => MainWindow.Init => Logger.Info
2020-12-19 10:48:58.3337 INFO  {"code":20000,"message":"成功","data":{"name":"limit","token":"eyJ0eXAiOiJKV1QiLCJhbGciOiJIUzUxMiJ9.eyJlbXBsb3llZUlkIjoiMTMzNjQ4NzI4OTg3MDcyMTAyNSIsImZhaWx1cmVUaW1lIjoxNjEwMDc0MTM2MDA0fQ.-T6JPKTzmblMV4lcybtEM35drd2DDrO5R12T5zTOpgYU0q9aK4G_TBpcxPpZW887EwcAUBNzK9hg-xLWUYbMlg"}}  LoginService.Login_Ex => LoginService.Login => Logger.Info
2020-12-19 10:48:58.5023 INFO  {"code":20000,"message":"成功","data":{"total":0,"pageSize":10,"currPage":1,"data":[]}}  <>c__DisplayClass46_0.<SetInfoList>b__0 => InfoListService.getQuery => Logger.Info
2020-12-19 10:48:58.6489 INFO  {"code":20000,"message":"成功","data":{"total":0,"pageSize":10,"currPage":1,"data":[]}}  <>c__DisplayClass46_0.<SetInfoList>b__0 => InfoListService.getQuery => Logger.Info
2020-12-19 10:48:58.7376 INFO  {"code":20000,"message":"新增成功","data":null}  Index.synchronousAdd => InfoListService.addNucleic => Logger.Info
2020-12-19 10:48:58.9192 INFO  {"code":20000,"message":"修改成功","data":null}  Index.synchronousUpdate => InfoListService.updateNucleic => Logger.Info
2020-12-19 10:49:26.9714 INFO  ------------------------start------------------------------  MainWindow.backGrid_Loaded => MainWindow.Init => Logger.Info
2020-12-19 10:49:42.6078 INFO  ------------------------start------------------------------  MainWindow.backGrid_Loaded => MainWindow.Init => Logger.Info
2020-12-19 10:49:43.4486 INFO  {"code":20000,"message":"成功","data":{"name":"limit","token":"eyJ0eXAiOiJKV1QiLCJhbGciOiJIUzUxMiJ9.eyJlbXBsb3llZUlkIjoiMTMzNjQ4NzI4OTg3MDcyMTAyNSIsImZhaWx1cmVUaW1lIjoxNjEwMDc0MTgxMTE0fQ.14RusIWEnmVll_YL9i67g54t4_lAVpEnqFdxT_O3v7rUkZYKBnPruj6QtBJb2HeSvDeFIApzUxUVSOWTDTAxmg"}}  LoginService.Login_Ex => LoginService.Login => Logger.Info
2020-12-19 10:49:43.7533 INFO  {"code":20000,"message":"成功","data":{"total":0,"pageSize":10,"currPage":1,"data":[]}}  <>c__DisplayClass46_0.<SetInfoList>b__0 => InfoListService.getQuery => Logger.Info
2020-12-19 10:49:43.8038 INFO  {"code":20000,"message":"新增成功","data":null}  Index.synchronousAdd => InfoListService.addNucleic => Logger.Info
2020-12-19 10:49:43.9604 INFO  {"code":20000,"message":"修改成功","data":null}  Index.synchronousUpdate => InfoListService.updateNucleic => Logger.Info
