2020-12-23 09:19:55.4861 INFO  ------------------------start------------------------------  MainWindow.backGrid_Loaded => MainWindow.Init => Logger.Info
2020-12-23 09:25:47.4011 INFO  ------------------------start------------------------------  MainWindow.backGrid_Loaded => MainWindow.Init => Logger.Info
2020-12-23 09:27:17.3700 INFO  ------------------------start------------------------------  MainWindow.backGrid_Loaded => MainWindow.Init => Logger.Info
2020-12-23 09:29:39.2853 INFO  ------------------------start------------------------------  MainWindow.backGrid_Loaded => MainWindow.Init => Logger.Info
2020-12-23 09:30:46.8917 INFO  ------------------------start------------------------------  MainWindow.backGrid_Loaded => MainWindow.Init => Logger.Info
2020-12-23 09:38:56.2091 INFO  ------------------------start------------------------------  MainWindow.backGrid_Loaded => MainWindow.Init => Logger.Info
2020-12-23 09:39:38.7843 INFO  ------------------------start------------------------------  MainWindow.backGrid_Loaded => MainWindow.Init => Logger.Info
2020-12-23 09:41:33.5340 INFO  ------------------------start------------------------------  MainWindow.backGrid_Loaded => MainWindow.Init => Logger.Info
2020-12-23 09:42:57.1868 INFO  ------------------------start------------------------------  MainWindow.backGrid_Loaded => MainWindow.Init => Logger.Info
2020-12-23 09:44:42.8530 INFO  ------------------------start------------------------------  MainWindow.backGrid_Loaded => MainWindow.Init => Logger.Info
2020-12-23 09:45:30.3626 INFO  ------------------------start------------------------------  MainWindow.backGrid_Loaded => MainWindow.Init => Logger.Info
2020-12-23 09:45:34.0805 INFO  ------------------------start------------------------------  MainWindow.backGrid_Loaded => MainWindow.Init => Logger.Info
2020-12-23 09:45:37.1431 INFO  {"code":20000,"message":"成功","data":{"cydName":"荷东","principal":"wwww","districtName":"普陀区","name":"limit","xzjdName":"沈家门街道","jcdName":"1-1","token":"eyJ0eXAiOiJKV1QiLCJhbGciOiJIUzUxMiJ9.eyJlbXBsb3llZUlkIjoiMTM0MDUzMjczMjU2NjM1NTk3MCIsImZhaWx1cmVUaW1lIjoxNjEwNDE1OTI3NjQ5fQ.roia5moiQJDx40AxU_a9H2Cj0KkQLuTvqrNJIkjLMxbfLWC9Ch6Rt5XEXjzf1an2wJUMkPwvVID_oP4jcSLquQ"}}  LoginService.Login_Ex => LoginService.Login => Logger.Info
2020-12-23 09:45:38.0178 INFO  {"code":20000,"message":"成功","data":{"total":0,"pageSize":10,"currPage":1,"data":[]}}  <>c__DisplayClass48_0.<SetInfoList>b__0 => InfoListService.getQuery => Logger.Info
2020-12-23 09:45:51.3210 INFO  ------------------------start------------------------------  MainWindow.backGrid_Loaded => MainWindow.Init => Logger.Info
2020-12-23 09:45:52.0410 INFO  {"code":20000,"message":"成功","data":{"cydName":"荷东","principal":"wwww","districtName":"普陀区","name":"limit","xzjdName":"沈家门街道","jcdName":"1-1","token":"eyJ0eXAiOiJKV1QiLCJhbGciOiJIUzUxMiJ9.eyJlbXBsb3llZUlkIjoiMTM0MDUzMjczMjU2NjM1NTk3MCIsImZhaWx1cmVUaW1lIjoxNjEwNDE1OTQyODM3fQ.dzE9RysmF-7tMaEAyePpDEdd4xzOLFRida_QqpyRzfZArK0vhgqa5PfoeKWvT2esniKObNy1JXzdxQzUPBOyeQ"}}  LoginService.Login_Ex => LoginService.Login => Logger.Info
2020-12-23 09:45:52.6078 INFO  {"code":20000,"message":"成功","data":{"total":0,"pageSize":10,"currPage":1,"data":[]}}  <>c__DisplayClass48_0.<SetInfoList>b__0 => InfoListService.getQuery => Logger.Info
2020-12-23 09:45:56.8767 INFO  ------------------------start------------------------------  MainWindow.backGrid_Loaded => MainWindow.Init => Logger.Info
2020-12-23 09:45:57.5879 INFO  {"code":20000,"message":"成功","data":{"cydName":"荷东","principal":"wwww","districtName":"普陀区","name":"limit","xzjdName":"沈家门街道","jcdName":"1-1","token":"eyJ0eXAiOiJKV1QiLCJhbGciOiJIUzUxMiJ9.eyJlbXBsb3llZUlkIjoiMTM0MDUzMjczMjU2NjM1NTk3MCIsImZhaWx1cmVUaW1lIjoxNjEwNDE1OTQ4Mzg0fQ.Wcg-cYwcWSmbrHjzReQ7omlXVRcs8s9BSSd8-NGkWyOULVK5jNzrlgJnJNz6gmpH3mE33vSRinEVw17gnOGZwQ"}}  LoginService.Login_Ex => LoginService.Login => Logger.Info
2020-12-23 09:45:58.2028 INFO  {"code":20000,"message":"成功","data":{"total":0,"pageSize":10,"currPage":1,"data":[]}}  <>c__DisplayClass48_0.<SetInfoList>b__0 => InfoListService.getQuery => Logger.Info
2020-12-23 09:46:02.6775 INFO  {"code":20000,"message":"成功","data":{"total":0,"pageSize":10,"currPage":1,"data":[]}}  <>c__DisplayClass48_0.<SetInfoList>b__0 => InfoListService.getQuery => Logger.Info
2020-12-23 09:46:03.4564 INFO  {"code":20000,"message":"成功","data":{"total":0,"pageSize":10,"currPage":1,"data":[]}}  <>c__DisplayClass48_0.<SetInfoList>b__0 => InfoListService.getQuery => Logger.Info
2020-12-23 09:46:04.3198 INFO  {"code":20000,"message":"成功","data":{"total":0,"pageSize":10,"currPage":1,"data":[]}}  <>c__DisplayClass48_0.<SetInfoList>b__0 => InfoListService.getQuery => Logger.Info
2020-12-23 09:46:05.0315 INFO  {"code":20000,"message":"成功","data":{"total":0,"pageSize":10,"currPage":1,"data":[]}}  <>c__DisplayClass48_0.<SetInfoList>b__0 => InfoListService.getQuery => Logger.Info
2020-12-23 09:46:05.7571 INFO  {"code":20000,"message":"成功","data":{"total":0,"pageSize":10,"currPage":1,"data":[]}}  <>c__DisplayClass48_0.<SetInfoList>b__0 => InfoListService.getQuery => Logger.Info
2020-12-23 09:46:06.4730 INFO  {"code":20000,"message":"成功","data":{"total":0,"pageSize":10,"currPage":1,"data":[]}}  <>c__DisplayClass48_0.<SetInfoList>b__0 => InfoListService.getQuery => Logger.Info
2020-12-23 09:48:22.2580 INFO  ------------------------start------------------------------  MainWindow.backGrid_Loaded => MainWindow.Init => Logger.Info
2020-12-23 09:48:28.4752 INFO  ------------------------start------------------------------  MainWindow.backGrid_Loaded => MainWindow.Init => Logger.Info
2020-12-23 09:48:32.4258 INFO  {"code":20000,"message":"成功","data":{"cydName":"荷东","principal":"wwww","districtName":"普陀区","name":"limit","xzjdName":"沈家门街道","jcdName":"1-1","token":"eyJ0eXAiOiJKV1QiLCJhbGciOiJIUzUxMiJ9.eyJlbXBsb3llZUlkIjoiMTM0MDUzMjczMjU2NjM1NTk3MCIsImZhaWx1cmVUaW1lIjoxNjEwNDE2MTAzMjAwfQ.UZv6raLl4mXwYcq03rP1o5v5eeP7bGI3JCStNwrngQ7PfggjjePg-PsNwXpfEX9H8pT-NmRWK_HTvhy6BjB1vw"}}  LoginService.Login_Ex => LoginService.Login => Logger.Info
2020-12-23 09:48:32.9549 INFO  {"code":20000,"message":"成功","data":{"total":0,"pageSize":10,"currPage":1,"data":[]}}  <>c__DisplayClass48_0.<SetInfoList>b__0 => InfoListService.getQuery => Logger.Info
2020-12-23 10:01:14.8901 INFO  ------------------------start------------------------------  MainWindow.backGrid_Loaded => MainWindow.Init => Logger.Info
2020-12-23 10:01:48.0651 INFO  ------------------------start------------------------------  MainWindow.backGrid_Loaded => MainWindow.Init => Logger.Info
2020-12-23 10:01:53.1918 INFO  ------------------------start------------------------------  MainWindow.backGrid_Loaded => MainWindow.Init => Logger.Info
2020-12-23 10:01:56.0583 INFO  {"code":20000,"message":"成功","data":{"cydName":"荷东","principal":"wwww","districtName":"普陀区","name":"limit","xzjdName":"沈家门街道","jcdName":"1-1","token":"eyJ0eXAiOiJKV1QiLCJhbGciOiJIUzUxMiJ9.eyJlbXBsb3llZUlkIjoiMTM0MDUzMjczMjU2NjM1NTk3MCIsImZhaWx1cmVUaW1lIjoxNjEwNDE2OTA2MDg0fQ.AUJTrf74RnC0BqGaxQEhCPSVqRc_PapPDC1Oo7E4F26hiTa5GaXjH0g8wiJXRLZ7txyDZRWDHTa1qyTw_azlkQ"}}  LoginService.Login_Ex => LoginService.Login => Logger.Info
2020-12-23 10:01:56.7672 INFO  {"code":20000,"message":"成功","data":{"total":0,"pageSize":10,"currPage":1,"data":[]}}  <>c__DisplayClass48_0.<SetInfoList>b__0 => InfoListService.getQuery => Logger.Info
2020-12-23 10:03:21.0019 INFO  ------------------------start------------------------------  MainWindow.backGrid_Loaded => MainWindow.Init => Logger.Info
2020-12-23 10:03:23.8453 INFO  ------------------------start------------------------------  MainWindow.backGrid_Loaded => MainWindow.Init => Logger.Info
2020-12-23 10:03:25.9852 INFO  {"code":20000,"message":"成功","data":{"cydName":"荷东","principal":"wwww","districtName":"普陀区","name":"limit","xzjdName":"沈家门街道","jcdName":"1-1","token":"eyJ0eXAiOiJKV1QiLCJhbGciOiJIUzUxMiJ9.eyJlbXBsb3llZUlkIjoiMTM0MDUzMjczMjU2NjM1NTk3MCIsImZhaWx1cmVUaW1lIjoxNjEwNDE2OTk2NjgwfQ.6RLGpJzm0VT9al3WWxttc0qton64oTl3Ilhryy-Rmy4fdXYTH3sFxnjzjkbKk0wn0pvFiS9h6oZxGcZlNmX81Q"}}  LoginService.Login_Ex => LoginService.Login => Logger.Info
2020-12-23 10:03:26.6035 INFO  {"code":20000,"message":"成功","data":{"total":0,"pageSize":10,"currPage":1,"data":[]}}  <>c__DisplayClass48_0.<SetInfoList>b__0 => InfoListService.getQuery => Logger.Info
2020-12-23 10:03:32.7760 INFO  {"code":20000,"message":"成功","data":{"total":0,"pageSize":10,"currPage":1,"data":[]}}  <>c__DisplayClass48_0.<SetInfoList>b__0 => InfoListService.getQuery => Logger.Info
2020-12-23 10:03:34.8506 INFO  {"code":20000,"message":"成功","data":{"total":0,"pageSize":10,"currPage":1,"data":[]}}  <>c__DisplayClass48_0.<SetInfoList>b__0 => InfoListService.getQuery => Logger.Info
2020-12-23 10:03:35.5256 INFO  {"code":20000,"message":"成功","data":{"total":0,"pageSize":10,"currPage":1,"data":[]}}  <>c__DisplayClass48_0.<SetInfoList>b__0 => InfoListService.getQuery => Logger.Info
2020-12-23 10:03:36.2555 INFO  {"code":20000,"message":"成功","data":{"total":0,"pageSize":10,"currPage":1,"data":[]}}  <>c__DisplayClass48_0.<SetInfoList>b__0 => InfoListService.getQuery => Logger.Info
2020-12-23 10:03:36.9304 INFO  {"code":20000,"message":"成功","data":{"total":0,"pageSize":10,"currPage":1,"data":[]}}  <>c__DisplayClass48_0.<SetInfoList>b__0 => InfoListService.getQuery => Logger.Info
2020-12-23 10:03:37.9576 INFO  {"code":20000,"message":"成功","data":{"total":0,"pageSize":10,"currPage":1,"data":[]}}  <>c__DisplayClass48_0.<SetInfoList>b__0 => InfoListService.getQuery => Logger.Info
2020-12-23 10:03:38.9068 INFO  {"code":20000,"message":"成功","data":{"total":0,"pageSize":10,"currPage":1,"data":[]}}  <>c__DisplayClass48_0.<SetInfoList>b__0 => InfoListService.getQuery => Logger.Info
2020-12-23 10:03:46.3966 INFO  {"code":20000,"message":"成功","data":{"total":0,"pageSize":10,"currPage":1,"data":[]}}  <>c__DisplayClass48_0.<SetInfoList>b__0 => InfoListService.getQuery => Logger.Info
2020-12-23 10:03:47.3856 INFO  {"code":20000,"message":"成功","data":{"total":0,"pageSize":10,"currPage":1,"data":[]}}  <>c__DisplayClass48_0.<SetInfoList>b__0 => InfoListService.getQuery => Logger.Info
2020-12-23 10:03:47.9405 INFO  {"code":20000,"message":"成功","data":{"total":0,"pageSize":10,"currPage":1,"data":[]}}  <>c__DisplayClass48_0.<SetInfoList>b__0 => InfoListService.getQuery => Logger.Info
2020-12-23 10:03:48.8848 INFO  {"code":20000,"message":"成功","data":{"total":0,"pageSize":10,"currPage":1,"data":[]}}  <>c__DisplayClass48_0.<SetInfoList>b__0 => InfoListService.getQuery => Logger.Info
2020-12-23 10:03:49.0661 INFO  {"code":20000,"message":"成功","data":{"total":0,"pageSize":10,"currPage":1,"data":[]}}  <>c__DisplayClass48_0.<SetInfoList>b__0 => InfoListService.getQuery => Logger.Info
2020-12-23 10:03:49.5024 INFO  {"code":20000,"message":"成功","data":{"total":0,"pageSize":10,"currPage":1,"data":[]}}  <>c__DisplayClass48_0.<SetInfoList>b__0 => InfoListService.getQuery => Logger.Info
2020-12-23 10:07:43.6798 INFO  ------------------------start------------------------------  MainWindow.backGrid_Loaded => MainWindow.Init => Logger.Info
2020-12-23 10:09:57.9132 INFO  ------------------------start------------------------------  MainWindow.backGrid_Loaded => MainWindow.Init => Logger.Info
2020-12-23 10:10:50.7254 INFO  ------------------------start------------------------------  MainWindow.backGrid_Loaded => MainWindow.Init => Logger.Info
2020-12-23 10:12:29.9643 INFO  ------------------------start------------------------------  MainWindow.backGrid_Loaded => MainWindow.Init => Logger.Info
2020-12-23 10:16:16.8006 INFO  ------------------------start------------------------------  MainWindow.backGrid_Loaded => MainWindow.Init => Logger.Info
2020-12-23 10:16:47.0036 INFO  ------------------------start------------------------------  MainWindow.backGrid_Loaded => MainWindow.Init => Logger.Info
2020-12-23 10:17:24.2727 INFO  ------------------------start------------------------------  MainWindow.backGrid_Loaded => MainWindow.Init => Logger.Info
2020-12-23 10:18:33.4376 INFO  ------------------------start------------------------------  MainWindow.backGrid_Loaded => MainWindow.Init => Logger.Info
2020-12-23 10:19:02.8469 INFO  ------------------------start------------------------------  MainWindow.backGrid_Loaded => MainWindow.Init => Logger.Info
2020-12-23 10:20:18.3362 INFO  ------------------------start------------------------------  MainWindow.backGrid_Loaded => MainWindow.Init => Logger.Info
2020-12-23 10:21:34.2918 INFO  ------------------------start------------------------------  MainWindow.backGrid_Loaded => MainWindow.Init => Logger.Info
2020-12-23 10:27:34.6122 INFO  ------------------------start------------------------------  MainWindow.backGrid_Loaded => MainWindow.Init => Logger.Info
2020-12-23 10:28:03.3376 INFO  ------------------------start------------------------------  MainWindow.backGrid_Loaded => MainWindow.Init => Logger.Info
2020-12-23 10:28:35.5026 INFO  ------------------------start------------------------------  MainWindow.backGrid_Loaded => MainWindow.Init => Logger.Info
2020-12-23 10:38:06.6585 INFO  ------------------------start------------------------------  MainWindow.backGrid_Loaded => MainWindow.Init => Logger.Info
2020-12-23 10:40:05.0392 INFO  ------------------------start------------------------------  MainWindow.backGrid_Loaded => MainWindow.Init => Logger.Info
2020-12-23 10:41:22.6344 INFO  ------------------------start------------------------------  MainWindow.backGrid_Loaded => MainWindow.Init => Logger.Info
2020-12-23 10:44:17.6638 INFO  ------------------------start------------------------------  MainWindow.backGrid_Loaded => MainWindow.Init => Logger.Info
2020-12-23 10:45:02.3316 INFO  ------------------------start------------------------------  MainWindow.backGrid_Loaded => MainWindow.Init => Logger.Info
2020-12-23 10:50:59.6500 INFO  ------------------------start------------------------------  MainWindow.backGrid_Loaded => MainWindow.Init => Logger.Info
2020-12-23 10:52:12.4898 INFO  ------------------------start------------------------------  MainWindow.backGrid_Loaded => MainWindow.Init => Logger.Info
2020-12-23 10:53:16.7547 INFO  ------------------------start------------------------------  MainWindow.backGrid_Loaded => MainWindow.Init => Logger.Info
2020-12-23 10:57:14.0624 INFO  ------------------------start------------------------------  MainWindow.backGrid_Loaded => MainWindow.Init => Logger.Info
2020-12-23 10:58:41.9075 INFO  ------------------------start------------------------------  MainWindow.backGrid_Loaded => MainWindow.Init => Logger.Info
2020-12-23 11:00:00.6755 INFO  ------------------------start------------------------------  MainWindow.backGrid_Loaded => MainWindow.Init => Logger.Info
2020-12-23 11:00:39.4765 INFO  ------------------------start------------------------------  MainWindow.backGrid_Loaded => MainWindow.Init => Logger.Info
2020-12-23 11:01:21.4112 INFO  ------------------------start------------------------------  MainWindow.backGrid_Loaded => MainWindow.Init => Logger.Info
2020-12-23 11:01:49.6735 INFO  ------------------------start------------------------------  MainWindow.backGrid_Loaded => MainWindow.Init => Logger.Info
2020-12-23 11:05:17.5087 INFO  ------------------------start------------------------------  MainWindow.backGrid_Loaded => MainWindow.Init => Logger.Info
2020-12-23 11:06:28.5802 INFO  ------------------------start------------------------------  MainWindow.backGrid_Loaded => MainWindow.Init => Logger.Info
2020-12-23 11:07:33.7282 INFO  ------------------------start------------------------------  MainWindow.backGrid_Loaded => MainWindow.Init => Logger.Info
2020-12-23 11:08:23.4994 INFO  ------------------------start------------------------------  MainWindow.backGrid_Loaded => MainWindow.Init => Logger.Info
2020-12-23 11:11:06.7850 INFO  ------------------------start------------------------------  MainWindow.backGrid_Loaded => MainWindow.Init => Logger.Info
2020-12-23 11:11:30.2074 ERROR  打印：123132  Task.InnerInvoke => <>c__DisplayClass1_0.<print>b__0 => Logger.Error
2020-12-23 11:11:41.9966 ERROR  打印：11  Task.InnerInvoke => <>c__DisplayClass1_0.<print>b__0 => Logger.Error
2020-12-23 11:15:19.7772 INFO  ------------------------start------------------------------  MainWindow.backGrid_Loaded => MainWindow.Init => Logger.Info
2020-12-23 11:16:34.2676 INFO  ------------------------start------------------------------  MainWindow.backGrid_Loaded => MainWindow.Init => Logger.Info
2020-12-23 11:17:22.4922 INFO  ------------------------start------------------------------  MainWindow.backGrid_Loaded => MainWindow.Init => Logger.Info
2020-12-23 11:31:57.4294 INFO  ------------------------start------------------------------  MainWindow.backGrid_Loaded => MainWindow.Init => Logger.Info
2020-12-23 11:32:29.3656 INFO  ------------------------start------------------------------  MainWindow.backGrid_Loaded => MainWindow.Init => Logger.Info
2020-12-23 11:35:03.1634 INFO  ------------------------start------------------------------  MainWindow.backGrid_Loaded => MainWindow.Init => Logger.Info
2020-12-23 11:44:18.6283 INFO  ------------------------start------------------------------  MainWindow.backGrid_Loaded => MainWindow.Init => Logger.Info
2020-12-23 11:45:47.4712 INFO  ------------------------start------------------------------  MainWindow.backGrid_Loaded => MainWindow.Init => Logger.Info
2020-12-23 11:48:14.9422 INFO  ------------------------start------------------------------  MainWindow.backGrid_Loaded => MainWindow.Init => Logger.Info
2020-12-23 11:50:21.1653 INFO  ------------------------start------------------------------  MainWindow.backGrid_Loaded => MainWindow.Init => Logger.Info
2020-12-23 11:50:45.3710 INFO  ------------------------start------------------------------  MainWindow.backGrid_Loaded => MainWindow.Init => Logger.Info
2020-12-23 11:53:15.1104 INFO  ------------------------start------------------------------  MainWindow.backGrid_Loaded => MainWindow.Init => Logger.Info
2020-12-23 11:57:56.2429 INFO  ------------------------start------------------------------  MainWindow.backGrid_Loaded => MainWindow.Init => Logger.Info
2020-12-23 12:03:29.9950 INFO  ------------------------start------------------------------  MainWindow.backGrid_Loaded => MainWindow.Init => Logger.Info
2020-12-23 13:03:41.0664 INFO  ------------------------start------------------------------  MainWindow.backGrid_Loaded => MainWindow.Init => Logger.Info
2020-12-23 13:14:57.6810 INFO  ------------------------start------------------------------  MainWindow.backGrid_Loaded => MainWindow.Init => Logger.Info
2020-12-23 13:16:24.8389 INFO  ------------------------start------------------------------  MainWindow.backGrid_Loaded => MainWindow.Init => Logger.Info
2020-12-23 13:42:12.3170 INFO  ------------------------start------------------------------  MainWindow.backGrid_Loaded => MainWindow.Init => Logger.Info
2020-12-23 13:42:17.6420 INFO  ------------------------start------------------------------  MainWindow.backGrid_Loaded => MainWindow.Init => Logger.Info
2020-12-23 13:42:18.4971 INFO  {"code":20002,"message":"账号不存在或密码错误","data":null}  LoginService.Login_Ex => LoginService.Login => Logger.Info
2020-12-23 13:45:21.6621 INFO  ------------------------start------------------------------  MainWindow.backGrid_Loaded => MainWindow.Init => Logger.Info
2020-12-23 13:45:58.4545 ERROR  打印：330411199811190011  Task.InnerInvoke => <>c__DisplayClass1_0.<print>b__0 => Logger.Error
2020-12-23 13:46:28.4503 INFO  ------------------------start------------------------------  MainWindow.backGrid_Loaded => MainWindow.Init => Logger.Info
2020-12-23 13:46:29.3430 INFO  {"code":20000,"message":"成功","data":{"cydName":"荷东","principal":"wwww","districtName":"普陀区","name":"limit","xzjdName":"沈家门街道","jcdName":"1-1","token":"eyJ0eXAiOiJKV1QiLCJhbGciOiJIUzUxMiJ9.eyJlbXBsb3llZUlkIjoiMTM0MDUzMjczMjU2NjM1NTk3MCIsImZhaWx1cmVUaW1lIjoxNjEwNDMwMzc5MzY2fQ.5fQga6LjWp-Ft6-2tkMn5lyJOj0Fs6uKYjyqf5dxDhiU1YuWE-QRuk4UpLpMQUxmxlSGeLMVdEnn_MeZ6JTdoA"}}  LoginService.Login_Ex => LoginService.Login => Logger.Info
2020-12-23 13:46:29.9892 INFO  {"code":20000,"message":"成功","data":{"total":0,"pageSize":10,"currPage":1,"data":[]}}  <>c__DisplayClass48_0.<SetInfoList>b__0 => InfoListService.getQuery => Logger.Info
2020-12-23 13:46:30.8531 INFO  {"code":20000,"message":"修改成功","data":null}  Index.synchronousUpdate => InfoListService.updateNucleic => Logger.Info
2020-12-23 13:46:33.2217 INFO  {"code":20000,"message":"成功","data":{"total":1,"pageSize":10,"currPage":1,"data":[{"id":"1341202864737251595","createTime":"2020-12-23 13:45:56","updateTime":null,"deleted":null,"createBy":null,"updateBy":null,"cardNo":"330411199811190011","userName":"凌宇超","serialNumber":"E08543511","sex":1,"address":"浙江金华义乌","homeAddress":"同","testingValue":null,"acidNo":"2012231345567500585636666","position":null,"detectionName":"wwww","updateName":"","company":"同","jcdName":"1-1","xzjdName":"沈家门街道","cydName":"荷东","districtName":"普陀区"}]}}  <>c__DisplayClass48_0.<SetInfoList>b__0 => InfoListService.getQuery => Logger.Info
2020-12-23 13:46:47.1009 INFO  ------------------------start------------------------------  MainWindow.backGrid_Loaded => MainWindow.Init => Logger.Info
2020-12-23 13:46:47.7566 INFO  {"code":20000,"message":"成功","data":{"cydName":"荷东","principal":"wwww","districtName":"普陀区","name":"limit","xzjdName":"沈家门街道","jcdName":"1-1","token":"eyJ0eXAiOiJKV1QiLCJhbGciOiJIUzUxMiJ9.eyJlbXBsb3llZUlkIjoiMTM0MDUzMjczMjU2NjM1NTk3MCIsImZhaWx1cmVUaW1lIjoxNjEwNDMwMzk3ODAzfQ.V5xmhl3nmgLvjuOxjvTn7by2RKqhCH3eubAMSSaTJO9BYtdJ_iAYObiJOHUeWQFnTx51-laXEKY4iOBaAJ_leg"}}  LoginService.Login_Ex => LoginService.Login => Logger.Info
2020-12-23 13:46:48.2214 INFO  {"code":20000,"message":"成功","data":{"total":1,"pageSize":10,"currPage":1,"data":[{"id":"1341202864737251595","createTime":"2020-12-23 13:45:56","updateTime":null,"deleted":null,"createBy":null,"updateBy":null,"cardNo":"330411199811190011","userName":"凌宇超","serialNumber":"E08543511","sex":1,"address":"浙江金华义乌","homeAddress":"同","testingValue":null,"acidNo":"2012231345567500585636666","position":null,"detectionName":"wwww","updateName":"","company":"同","jcdName":"1-1","xzjdName":"沈家门街道","cydName":"荷东","districtName":"普陀区"}]}}  <>c__DisplayClass48_0.<SetInfoList>b__0 => InfoListService.getQuery => Logger.Info
2020-12-23 13:49:27.1098 INFO  ------------------------start------------------------------  MainWindow.backGrid_Loaded => MainWindow.Init => Logger.Info
2020-12-23 13:49:31.2086 INFO  ------------------------start------------------------------  MainWindow.backGrid_Loaded => MainWindow.Init => Logger.Info
2020-12-23 13:49:32.1729 INFO  {"code":20000,"message":"成功","data":{"cydName":"荷东","principal":"wwww","districtName":"普陀区","name":"limit","xzjdName":"沈家门街道","jcdName":"1-1","token":"eyJ0eXAiOiJKV1QiLCJhbGciOiJIUzUxMiJ9.eyJlbXBsb3llZUlkIjoiMTM0MDUzMjczMjU2NjM1NTk3MCIsImZhaWx1cmVUaW1lIjoxNjEwNDMwNTYyMTgzfQ.Xm_jqMJmvwFWHz6I4RoeADwkrFUbaUXDKnb35zlxsZXfaYaJmwQRRdr-n1mpFMOJe4E1VJoqF980O3zKHAw_CQ"}}  LoginService.Login_Ex => LoginService.Login => Logger.Info
2020-12-23 13:49:32.6233 INFO  {"code":20000,"message":"成功","data":{"total":1,"pageSize":10,"currPage":1,"data":[{"id":"1341202864737251595","createTime":"2020-12-23 13:45:56","updateTime":null,"deleted":null,"createBy":null,"updateBy":null,"cardNo":"330411199811190011","userName":"凌宇超","serialNumber":"E08543511","sex":1,"address":"浙江金华义乌","homeAddress":"同","testingValue":null,"acidNo":"2012231345567500585636666","position":null,"detectionName":"wwww","updateName":"","company":"同","jcdName":"1-1","xzjdName":"沈家门街道","cydName":"荷东","districtName":"普陀区"}]}}  <>c__DisplayClass48_0.<SetInfoList>b__0 => InfoListService.getQuery => Logger.Info
2020-12-23 13:49:38.9662 INFO  {"code":20000,"message":"成功","data":{"total":1,"pageSize":1,"currPage":1,"data":[{"id":"1341202864737251595","createTime":"2020-12-23 13:45:56","updateTime":null,"deleted":null,"createBy":null,"updateBy":null,"cardNo":"330411199811190011","userName":"凌宇超","serialNumber":"E08543511","sex":1,"address":"浙江金华义乌","homeAddress":"同","testingValue":null,"acidNo":"2012231345567500585636666","position":null,"detectionName":"wwww","updateName":"","company":"同","jcdName":"1-1","xzjdName":"沈家门街道","cydName":"荷东","districtName":"普陀区"}]}}  InfoList.<BackList>b__76_0 => InfoListService.getQuery => Logger.Info
2020-12-23 13:49:38.9965 INFO  {"code":20000,"message":"成功","data":{"total":1,"pageSize":500,"currPage":1,"data":[{"id":"1341202864737251595","createTime":"2020-12-23 13:45:56","updateTime":null,"deleted":null,"createBy":null,"updateBy":null,"cardNo":"330411199811190011","userName":"凌宇超","serialNumber":"E08543511","sex":1,"address":"浙江金华义乌","homeAddress":"同","testingValue":null,"acidNo":"2012231345567500585636666","position":null,"detectionName":"wwww","updateName":"","company":"同","jcdName":"1-1","xzjdName":"沈家门街道","cydName":"荷东","districtName":"普陀区"}]}}  InfoList.<BackList>b__76_0 => InfoListService.getQuery => Logger.Info
2020-12-23 13:50:59.3826 INFO  ------------------------start------------------------------  MainWindow.backGrid_Loaded => MainWindow.Init => Logger.Info
2020-12-23 13:51:16.6620 INFO  ------------------------start------------------------------  MainWindow.backGrid_Loaded => MainWindow.Init => Logger.Info
2020-12-23 13:51:17.7579 INFO  {"code":20000,"message":"成功","data":{"cydName":"荷东","principal":"wwww","districtName":"普陀区","name":"limit","xzjdName":"沈家门街道","jcdName":"1-1","token":"eyJ0eXAiOiJKV1QiLCJhbGciOiJIUzUxMiJ9.eyJlbXBsb3llZUlkIjoiMTM0MDUzMjczMjU2NjM1NTk3MCIsImZhaWx1cmVUaW1lIjoxNjEwNDMwNjY3Nzc5fQ.fffTqS8dcGYuNTvgokrPOpJfXfiIF5IRRcmgztgd6T1JtL0b8grzgzeUTsJ2LWT-2xvDj3I2YWEBqDGNK1hV8w"}}  LoginService.Login_Ex => LoginService.Login => Logger.Info
2020-12-23 13:51:18.2277 INFO  {"code":20000,"message":"成功","data":{"total":1,"pageSize":10,"currPage":1,"data":[{"id":"1341202864737251595","createTime":"2020-12-23 13:45:56","updateTime":null,"deleted":null,"createBy":null,"updateBy":null,"cardNo":"330411199811190011","userName":"凌宇超","serialNumber":"E08543511","sex":1,"address":"浙江金华义乌","homeAddress":"同","testingValue":null,"acidNo":"2012231345567500585636666","position":null,"detectionName":"wwww","updateName":"","company":"同","jcdName":"1-1","xzjdName":"沈家门街道","cydName":"荷东","districtName":"普陀区"}]}}  <>c__DisplayClass48_0.<SetInfoList>b__0 => InfoListService.getQuery => Logger.Info
2020-12-23 13:51:23.5459 INFO  {"code":20000,"message":"成功","data":{"total":1,"pageSize":1,"currPage":1,"data":[{"id":"1341202864737251595","createTime":"2020-12-23 13:45:56","updateTime":null,"deleted":null,"createBy":null,"updateBy":null,"cardNo":"330411199811190011","userName":"凌宇超","serialNumber":"E08543511","sex":1,"address":"浙江金华义乌","homeAddress":"同","testingValue":null,"acidNo":"2012231345567500585636666","position":null,"detectionName":"wwww","updateName":"","company":"同","jcdName":"1-1","xzjdName":"沈家门街道","cydName":"荷东","districtName":"普陀区"}]}}  InfoList.<BackList>b__76_0 => InfoListService.getQuery => Logger.Info
2020-12-23 13:51:23.5742 INFO  {"code":20000,"message":"成功","data":{"total":1,"pageSize":500,"currPage":1,"data":[{"id":"1341202864737251595","createTime":"2020-12-23 13:45:56","updateTime":null,"deleted":null,"createBy":null,"updateBy":null,"cardNo":"330411199811190011","userName":"凌宇超","serialNumber":"E08543511","sex":1,"address":"浙江金华义乌","homeAddress":"同","testingValue":null,"acidNo":"2012231345567500585636666","position":null,"detectionName":"wwww","updateName":"","company":"同","jcdName":"1-1","xzjdName":"沈家门街道","cydName":"荷东","districtName":"普陀区"}]}}  InfoList.<BackList>b__76_0 => InfoListService.getQuery => Logger.Info
2020-12-23 13:52:27.7833 ERROR  打印：330411199811190011  Task.InnerInvoke => <>c__DisplayClass1_0.<print>b__0 => Logger.Error
