2020-12-20 12:21:49.4740 INFO  ------------------------start------------------------------  MainWindow.backGrid_Loaded => MainWindow.Init => Logger.Info
2020-12-20 12:21:54.7449 INFO  ------------------------start------------------------------  MainWindow.backGrid_Loaded => MainWindow.Init => Logger.Info
2020-12-20 12:21:55.6525 INFO  {"code":20000,"message":"成功","data":{"name":"limit","token":"eyJ0eXAiOiJKV1QiLCJhbGciOiJIUzUxMiJ9.eyJlbXBsb3llZUlkIjoiMTM0MDE4MjI1ODQzOTQ1MDYyNSIsImZhaWx1cmVUaW1lIjoxNjEwMTY2MTEzODIzfQ.RYhDFaCNb82ftjdd_Tgm0VKara-HpLCQdt45M0JreEMYN41iseb5KDLlamxhMVYeRRnFGRhWw_ahx_VmVYYKbw"}}  LoginService.Login_Ex => LoginService.Login => Logger.Info
2020-12-20 12:23:05.8460 INFO  ------------------------start------------------------------  MainWindow.backGrid_Loaded => MainWindow.Init => Logger.Info
2020-12-20 12:23:09.9849 INFO  ------------------------start------------------------------  MainWindow.backGrid_Loaded => MainWindow.Init => Logger.Info
2020-12-20 13:46:06.6030 INFO  ------------------------start------------------------------  MainWindow.backGrid_Loaded => MainWindow.Init => Logger.Info
2020-12-20 13:46:13.4303 INFO  ------------------------start------------------------------  MainWindow.backGrid_Loaded => MainWindow.Init => Logger.Info
2020-12-20 13:46:47.8704 INFO  {"code":20000,"message":"成功","data":{"name":"limit","jcdName":"99-r4","token":"eyJ0eXAiOiJKV1QiLCJhbGciOiJIUzUxMiJ9.eyJlbXBsb3llZUlkIjoiMTM0MDUzMjczMjU2NjM1NTk3MCIsImZhaWx1cmVUaW1lIjoxNjEwMTcxMTcyMTg5fQ.d5QTtrCWQHKvff6_GBjvJbwug83EtyE_WGp_VDVTtOeDB1IWIr1B66Fadvr96BoICZ0AHVZYec-bBXGfIHsBqA"}}  LoginService.Login_Ex => LoginService.Login => Logger.Info
2020-12-20 13:46:48.1970 INFO  {"code":20000,"message":"成功","data":{"total":0,"pageSize":10,"currPage":1,"data":[]}}  <>c__DisplayClass47_0.<SetInfoList>b__0 => InfoListService.getQuery => Logger.Info
2020-12-20 13:46:48.4428 INFO  {"code":20000,"message":"修改成功","data":null}  Index.synchronousUpdate => InfoListService.updateNucleic => Logger.Info
2020-12-20 13:48:04.7040 INFO  ------------------------start------------------------------  MainWindow.backGrid_Loaded => MainWindow.Init => Logger.Info
2020-12-20 13:48:08.1331 INFO  ------------------------start------------------------------  MainWindow.backGrid_Loaded => MainWindow.Init => Logger.Info
2020-12-20 13:48:09.0214 INFO  {"code":20000,"message":"成功","data":{"name":"limit","jcdName":"99-r4","token":"eyJ0eXAiOiJKV1QiLCJhbGciOiJIUzUxMiJ9.eyJlbXBsb3llZUlkIjoiMTM0MDUzMjczMjU2NjM1NTk3MCIsImZhaWx1cmVUaW1lIjoxNjEwMTcxMjg2ODk1fQ.HwQ3AN5W1We7cJQeCw9wwp4xkeYBiX0gvalcp5_OVlDKLsFQb8ZJm10gJLuj8sm23SCEhg8ghqfv5nfC35mQOg"}}  LoginService.Login_Ex => LoginService.Login => Logger.Info
2020-12-20 13:48:09.3251 INFO  {"code":20000,"message":"成功","data":{"total":0,"pageSize":10,"currPage":1,"data":[]}}  <>c__DisplayClass47_0.<SetInfoList>b__0 => InfoListService.getQuery => Logger.Info
2020-12-20 13:48:09.9788 INFO  {"code":20000,"message":"修改成功","data":null}  Index.synchronousUpdate => InfoListService.updateNucleic => Logger.Info
2020-12-20 13:48:14.7020 INFO  {"code":20000,"message":"成功","data":{"total":2,"pageSize":10,"currPage":1,"data":[{"id":"1340477995691200520","createTime":"2020-12-20 13:29:38","updateTime":null,"deleted":null,"createBy":null,"updateBy":null,"cardNo":"211221199805280024","userName":"曹潇合","serialNumber":"E08543511","sex":0,"address":"辽宁省铁岭县新台子镇八里庄村三组24号","homeAddress":"辽宁省铁岭县新台子镇八里庄村三组24号","testingValue":null,"acidNo":"2012201329386151852870687","position":null,"detectionName":"曹潇合","updateName":"曹潇合","company":"999999999999999999999999999999999999","jcdName":"99-r4"},{"id":"1340477995691200519","createTime":"2020-12-20 13:27:58","updateTime":null,"deleted":null,"createBy":null,"updateBy":null,"cardNo":"211221199805280024","userName":"曹潇合","serialNumber":"E08543511","sex":0,"address":"辽宁省铁岭县新台子镇八里庄村三组24号","homeAddress":"辽宁省铁岭县新台子镇八里庄村三组24号","testingValue":null,"acidNo":"2012201327584991024895746","position":null,"detectionName":"曹潇合","updateName":"曹潇合","company":"888888888888888888888888888888888","jcdName":"99-r4"}]}}  <>c__DisplayClass47_0.<SetInfoList>b__0 => InfoListService.getQuery => Logger.Info
2020-12-20 16:01:31.1624 INFO  ------------------------start------------------------------  MainWindow.backGrid_Loaded => MainWindow.Init => Logger.Info
2020-12-20 16:02:09.6918 INFO  ------------------------start------------------------------  MainWindow.backGrid_Loaded => MainWindow.Init => Logger.Info
2020-12-20 16:02:34.6632 INFO  ------------------------start------------------------------  MainWindow.backGrid_Loaded => MainWindow.Init => Logger.Info
2020-12-20 16:02:35.5827 INFO  {"code":20000,"message":"成功","data":{"name":"limit","jcdName":"99-r4","token":"eyJ0eXAiOiJKV1QiLCJhbGciOiJIUzUxMiJ9.eyJlbXBsb3llZUlkIjoiMTM0MDUzMjczMjU2NjM1NTk3MCIsImZhaWx1cmVUaW1lIjoxNjEwMTc5MzUzMDA3fQ.wU6920-gRojl5SULfL_Hg8h1dOVS8qI0H1b3ILU18L83lV4Z7uKISdMoX2PuR4zm0VB6gCNx9yegsSrDGzyi9w"}}  LoginService.Login_Ex => LoginService.Login => Logger.Info
2020-12-20 16:02:35.8770 INFO  {"code":20000,"message":"成功","data":{"total":0,"pageSize":10,"currPage":1,"data":[]}}  <>c__DisplayClass47_0.<SetInfoList>b__0 => InfoListService.getQuery => Logger.Info
2020-12-20 16:02:36.3527 INFO  {"code":20000,"message":"修改成功","data":null}  Index.synchronousUpdate => InfoListService.updateNucleic => Logger.Info
2020-12-20 16:02:43.1257 INFO  ------------------------start------------------------------  MainWindow.backGrid_Loaded => MainWindow.Init => Logger.Info
2020-12-20 16:03:43.9152 INFO  ------------------------start------------------------------  MainWindow.backGrid_Loaded => MainWindow.Init => Logger.Info
2020-12-20 16:04:23.0692 INFO  ------------------------start------------------------------  MainWindow.backGrid_Loaded => MainWindow.Init => Logger.Info
2020-12-20 16:04:41.3949 INFO  ------------------------start------------------------------  MainWindow.backGrid_Loaded => MainWindow.Init => Logger.Info
2020-12-20 16:04:51.5828 INFO  ------------------------start------------------------------  MainWindow.backGrid_Loaded => MainWindow.Init => Logger.Info
2020-12-20 16:05:01.5138 INFO  ------------------------start------------------------------  MainWindow.backGrid_Loaded => MainWindow.Init => Logger.Info
2020-12-20 16:05:02.4663 INFO  {"code":20000,"message":"成功","data":{"name":"limit","jcdName":"99-r4","token":"eyJ0eXAiOiJKV1QiLCJhbGciOiJIUzUxMiJ9.eyJlbXBsb3llZUlkIjoiMTM0MDUzMjczMjU2NjM1NTk3MCIsImZhaWx1cmVUaW1lIjoxNjEwMTc5NDk5ODU1fQ.OTYTOrFjsq4qsE7qrDN9NCPktP_GUkKkp88GUHMZopUTgF5cxp2qTRkvHzoI3pslO0eSL066bZJJdLoH2_LVQg"}}  LoginService.Login_Ex => LoginService.Login => Logger.Info
2020-12-20 16:05:02.7605 INFO  {"code":20000,"message":"成功","data":{"total":0,"pageSize":10,"currPage":1,"data":[]}}  <>c__DisplayClass47_0.<SetInfoList>b__0 => InfoListService.getQuery => Logger.Info
2020-12-20 16:05:03.2083 INFO  {"code":20000,"message":"修改成功","data":null}  Index.synchronousUpdate => InfoListService.updateNucleic => Logger.Info
2020-12-20 16:05:06.9715 INFO  ------------------------start------------------------------  MainWindow.backGrid_Loaded => MainWindow.Init => Logger.Info
2020-12-20 16:06:56.0391 INFO  ------------------------start------------------------------  MainWindow.backGrid_Loaded => MainWindow.Init => Logger.Info
2020-12-20 16:07:00.9168 INFO  ------------------------start------------------------------  MainWindow.backGrid_Loaded => MainWindow.Init => Logger.Info
2020-12-20 16:07:01.7546 INFO  {"code":20000,"message":"成功","data":{"name":"limit","jcdName":"99-r4","token":"eyJ0eXAiOiJKV1QiLCJhbGciOiJIUzUxMiJ9.eyJlbXBsb3llZUlkIjoiMTM0MDUzMjczMjU2NjM1NTk3MCIsImZhaWx1cmVUaW1lIjoxNjEwMTc5NjE5MTcwfQ.8RF0m3F3VBQh_hlXfwia29v3KyVCBnJ6ov6C8pn3KtRb0HjG-wzfqAgOJUgn7h5LteRr5O0_6SAii9h0UQgdSA"}}  LoginService.Login_Ex => LoginService.Login => Logger.Info
2020-12-20 16:07:02.0498 INFO  {"code":20000,"message":"成功","data":{"total":0,"pageSize":10,"currPage":1,"data":[]}}  <>c__DisplayClass47_0.<SetInfoList>b__0 => InfoListService.getQuery => Logger.Info
2020-12-20 16:07:02.5016 INFO  {"code":20000,"message":"修改成功","data":null}  Index.synchronousUpdate => InfoListService.updateNucleic => Logger.Info
2020-12-20 16:07:06.1085 INFO  ------------------------start------------------------------  MainWindow.backGrid_Loaded => MainWindow.Init => Logger.Info
2020-12-20 16:07:06.7298 INFO  {"code":20000,"message":"成功","data":{"name":"limit","jcdName":"99-r4","token":"eyJ0eXAiOiJKV1QiLCJhbGciOiJIUzUxMiJ9.eyJlbXBsb3llZUlkIjoiMTM0MDUzMjczMjU2NjM1NTk3MCIsImZhaWx1cmVUaW1lIjoxNjEwMTc5NjI0MTU1fQ.wEUuDK4AEALJUatxBEMbuEK26wW21u85FuHnUsxDqiHp0Igr5D4YDh44PB8x_Z5iWIUp63XQhJSMOg52IjVZFA"}}  LoginService.Login_Ex => LoginService.Login => Logger.Info
2020-12-20 16:07:07.0160 INFO  {"code":20000,"message":"成功","data":{"total":0,"pageSize":10,"currPage":1,"data":[]}}  <>c__DisplayClass47_0.<SetInfoList>b__0 => InfoListService.getQuery => Logger.Info
2020-12-20 16:07:07.2015 INFO  {"code":20000,"message":"修改成功","data":null}  Index.synchronousUpdate => InfoListService.updateNucleic => Logger.Info
2020-12-20 16:07:11.5121 INFO  ------------------------start------------------------------  MainWindow.backGrid_Loaded => MainWindow.Init => Logger.Info
2020-12-20 16:07:29.1014 INFO  ------------------------start------------------------------  MainWindow.backGrid_Loaded => MainWindow.Init => Logger.Info
2020-12-20 16:07:29.7333 INFO  {"code":20000,"message":"成功","data":{"name":"limit","jcdName":"99-r4","token":"eyJ0eXAiOiJKV1QiLCJhbGciOiJIUzUxMiJ9.eyJlbXBsb3llZUlkIjoiMTM0MDUzMjczMjU2NjM1NTk3MCIsImZhaWx1cmVUaW1lIjoxNjEwMTc5NjQ3MTU1fQ.Ow2uGl3sgoSyMaOkKZ5QDIeJUgOUlRAouaUNSCnGUCHzZDAVrBZuhGhDKMSbi8TZWAxzdnEmTnE01kohDtfGow"}}  LoginService.Login_Ex => LoginService.Login => Logger.Info
2020-12-20 16:07:30.0358 INFO  {"code":20000,"message":"成功","data":{"total":0,"pageSize":10,"currPage":1,"data":[]}}  <>c__DisplayClass47_0.<SetInfoList>b__0 => InfoListService.getQuery => Logger.Info
2020-12-20 16:07:30.2349 INFO  {"code":20000,"message":"修改成功","data":null}  Index.synchronousUpdate => InfoListService.updateNucleic => Logger.Info
2020-12-20 16:07:35.8126 INFO  ------------------------start------------------------------  MainWindow.backGrid_Loaded => MainWindow.Init => Logger.Info
2020-12-20 16:08:00.6194 INFO  ------------------------start------------------------------  MainWindow.backGrid_Loaded => MainWindow.Init => Logger.Info
2020-12-20 16:08:01.2577 INFO  {"code":20000,"message":"成功","data":{"name":"limit","jcdName":"99-r4","token":"eyJ0eXAiOiJKV1QiLCJhbGciOiJIUzUxMiJ9.eyJlbXBsb3llZUlkIjoiMTM0MDUzMjczMjU2NjM1NTk3MCIsImZhaWx1cmVUaW1lIjoxNjEwMTc5Njc4NjcyfQ.SXc_0QgyQo5-4kO8Yf1cccdBJbrMB-fdwzCWeN_YXqiOJfqZ6l9fdCSY7j_rKSGBEiK0KjiHjrRrYGgYQjaXFw"}}  LoginService.Login_Ex => LoginService.Login => Logger.Info
2020-12-20 16:08:01.5609 INFO  {"code":20000,"message":"成功","data":{"total":0,"pageSize":10,"currPage":1,"data":[]}}  <>c__DisplayClass47_0.<SetInfoList>b__0 => InfoListService.getQuery => Logger.Info
2020-12-20 16:08:01.7380 INFO  {"code":20000,"message":"修改成功","data":null}  Index.synchronousUpdate => InfoListService.updateNucleic => Logger.Info
2020-12-20 16:08:27.3921 INFO  ------------------------start------------------------------  MainWindow.backGrid_Loaded => MainWindow.Init => Logger.Info
2020-12-20 16:10:04.2553 INFO  ------------------------start------------------------------  MainWindow.backGrid_Loaded => MainWindow.Init => Logger.Info
2020-12-20 16:10:09.1405 INFO  ------------------------start------------------------------  MainWindow.backGrid_Loaded => MainWindow.Init => Logger.Info
2020-12-20 16:10:09.9872 INFO  {"code":20000,"message":"成功","data":{"name":"limit","jcdName":"99-r4","token":"eyJ0eXAiOiJKV1QiLCJhbGciOiJIUzUxMiJ9.eyJlbXBsb3llZUlkIjoiMTM0MDUzMjczMjU2NjM1NTk3MCIsImZhaWx1cmVUaW1lIjoxNjEwMTc5ODA3Mzk0fQ.TCOZpXE19SfdjzoFYMpwLGYcmh3FqW5mf9EDMZ1-OVBN_16rQOpPNig-vOYRQQqq447HL5NkweUIigzo2wJcLg"}}  LoginService.Login_Ex => LoginService.Login => Logger.Info
2020-12-20 16:10:10.2595 INFO  {"code":20000,"message":"成功","data":{"total":0,"pageSize":10,"currPage":1,"data":[]}}  <>c__DisplayClass47_0.<SetInfoList>b__0 => InfoListService.getQuery => Logger.Info
2020-12-20 16:10:10.7186 INFO  {"code":20000,"message":"修改成功","data":null}  Index.synchronousUpdate => InfoListService.updateNucleic => Logger.Info
2020-12-20 16:10:16.8199 INFO  ------------------------start------------------------------  MainWindow.backGrid_Loaded => MainWindow.Init => Logger.Info
2020-12-20 16:10:22.2390 INFO  ------------------------start------------------------------  MainWindow.backGrid_Loaded => MainWindow.Init => Logger.Info
2020-12-20 16:10:22.8703 INFO  {"code":20000,"message":"成功","data":{"name":"limit","jcdName":"99-r4","token":"eyJ0eXAiOiJKV1QiLCJhbGciOiJIUzUxMiJ9.eyJlbXBsb3llZUlkIjoiMTM0MDUzMjczMjU2NjM1NTk3MCIsImZhaWx1cmVUaW1lIjoxNjEwMTc5ODIwMjg1fQ.sSlbWYVwwExel9YhLGU-4FsxhwPCm_V_0677UEa5ShoIjWlUxCfu97JfiRWQbGYPDIkTmuHNEp6LbC3E99xoiQ"}}  LoginService.Login_Ex => LoginService.Login => Logger.Info
2020-12-20 16:10:23.1645 INFO  {"code":20000,"message":"成功","data":{"total":0,"pageSize":10,"currPage":1,"data":[]}}  <>c__DisplayClass47_0.<SetInfoList>b__0 => InfoListService.getQuery => Logger.Info
2020-12-20 16:10:23.3121 INFO  {"code":20000,"message":"修改成功","data":null}  Index.synchronousUpdate => InfoListService.updateNucleic => Logger.Info
2020-12-20 16:10:27.5094 INFO  ------------------------start------------------------------  MainWindow.backGrid_Loaded => MainWindow.Init => Logger.Info
2020-12-20 16:10:28.1363 INFO  {"code":20000,"message":"成功","data":{"name":"limit","jcdName":"99-r4","token":"eyJ0eXAiOiJKV1QiLCJhbGciOiJIUzUxMiJ9.eyJlbXBsb3llZUlkIjoiMTM0MDUzMjczMjU2NjM1NTk3MCIsImZhaWx1cmVUaW1lIjoxNjEwMTc5ODI1NTUxfQ.i9TJyEWiztCzgkA4wdSuKw76Y6yxl_ZDxFMU6Tb3NianJUr34vd0-Ekl1nUScfWgWz9M7R3BJl39akSOM3tDOQ"}}  LoginService.Login_Ex => LoginService.Login => Logger.Info
2020-12-20 16:10:28.4515 INFO  {"code":20000,"message":"成功","data":{"total":0,"pageSize":10,"currPage":1,"data":[]}}  <>c__DisplayClass47_0.<SetInfoList>b__0 => InfoListService.getQuery => Logger.Info
2020-12-20 16:10:28.6410 INFO  {"code":20000,"message":"修改成功","data":null}  Index.synchronousUpdate => InfoListService.updateNucleic => Logger.Info
2020-12-20 16:10:31.6469 INFO  ------------------------start------------------------------  MainWindow.backGrid_Loaded => MainWindow.Init => Logger.Info
2020-12-20 16:10:56.3907 INFO  ------------------------start------------------------------  MainWindow.backGrid_Loaded => MainWindow.Init => Logger.Info
2020-12-20 16:11:06.8101 INFO  ------------------------start------------------------------  MainWindow.backGrid_Loaded => MainWindow.Init => Logger.Info
2020-12-20 16:11:07.7157 INFO  {"code":20000,"message":"成功","data":{"name":"limit","jcdName":"99-r4","token":"eyJ0eXAiOiJKV1QiLCJhbGciOiJIUzUxMiJ9.eyJlbXBsb3llZUlkIjoiMTM0MDUzMjczMjU2NjM1NTk3MCIsImZhaWx1cmVUaW1lIjoxNjEwMTc5ODY1MTE0fQ.EDsFOcj0DfJVhujiFc3EHMdpRSIQiPgJfskcPtzTBr9ZxKnN4n_qx8EmacjZOMCTXkuRhxXrea6PzKIa_5Ypgw"}}  LoginService.Login_Ex => LoginService.Login => Logger.Info
2020-12-20 16:11:07.9711 INFO  {"code":20000,"message":"成功","data":{"total":0,"pageSize":10,"currPage":1,"data":[]}}  <>c__DisplayClass47_0.<SetInfoList>b__0 => InfoListService.getQuery => Logger.Info
2020-12-20 16:11:12.9410 INFO  ------------------------start------------------------------  MainWindow.backGrid_Loaded => MainWindow.Init => Logger.Info
2020-12-20 16:11:22.8081 INFO  ------------------------start------------------------------  MainWindow.backGrid_Loaded => MainWindow.Init => Logger.Info
2020-12-20 16:11:23.4530 INFO  {"code":20000,"message":"成功","data":{"name":"limit","jcdName":"99-r4","token":"eyJ0eXAiOiJKV1QiLCJhbGciOiJIUzUxMiJ9.eyJlbXBsb3llZUlkIjoiMTM0MDUzMjczMjU2NjM1NTk3MCIsImZhaWx1cmVUaW1lIjoxNjEwMTc5ODgwODY1fQ.ZP2Wu4YcmlyS4IHZoRguCYvTYqvNKxUxJk7wcYllZ_lYpqTOAAkcjuA0fZOmPrhWXzAuiIZwzo93mZrZUDB_zA"}}  LoginService.Login_Ex => LoginService.Login => Logger.Info
2020-12-20 16:11:23.6828 INFO  {"code":20000,"message":"成功","data":{"total":0,"pageSize":10,"currPage":1,"data":[]}}  <>c__DisplayClass47_0.<SetInfoList>b__0 => InfoListService.getQuery => Logger.Info
2020-12-20 16:11:27.6397 INFO  ------------------------start------------------------------  MainWindow.backGrid_Loaded => MainWindow.Init => Logger.Info
2020-12-20 16:11:28.2970 INFO  {"code":20000,"message":"成功","data":{"name":"limit","jcdName":"99-r4","token":"eyJ0eXAiOiJKV1QiLCJhbGciOiJIUzUxMiJ9.eyJlbXBsb3llZUlkIjoiMTM0MDUzMjczMjU2NjM1NTk3MCIsImZhaWx1cmVUaW1lIjoxNjEwMTc5ODg1NzA4fQ.GZ_zHHmn8nvMXUid7l1GQgBrrc1-SsHdnWhsDKZHboDDJo4Ve9q4d0kk8hjfUC9JKcEmw9SA1SYaaA8sU3nTlw"}}  LoginService.Login_Ex => LoginService.Login => Logger.Info
2020-12-20 16:11:28.5523 INFO  {"code":20000,"message":"成功","data":{"total":0,"pageSize":10,"currPage":1,"data":[]}}  <>c__DisplayClass47_0.<SetInfoList>b__0 => InfoListService.getQuery => Logger.Info
2020-12-20 16:11:32.1631 INFO  ------------------------start------------------------------  MainWindow.backGrid_Loaded => MainWindow.Init => Logger.Info
